INFO 2025-09-16 05:51:24,507 autoreload 183855 139734344255296 Watching for file changes with StatReloader
INFO 2025-09-16 05:53:43,751 autoreload 183855 139734344255296 /home/asus/aaa-samurai/django-boilerplate/authentication/views.py changed, reloading.
INFO 2025-09-16 05:53:44,064 autoreload 185100 140455641569088 Watching for file changes with StatReloader
INFO 2025-09-16 05:53:54,362 autoreload 185100 140455641569088 /home/asus/aaa-samurai/django-boilerplate/authentication/views.py changed, reloading.
INFO 2025-09-16 05:53:54,634 autoreload 185229 140262253774656 Watching for file changes with StatReloader
INFO 2025-09-16 05:54:18,093 autoreload 185513 140326395852608 Watching for file changes with StatReloader
WARNING 2025-09-16 05:54:23,777 log 185513 140326321395456 Not Found: /
WARNING 2025-09-16 05:54:23,860 log 185513 140326321395456 Not Found: /favicon.ico
WARNING 2025-09-16 05:54:31,219 log 185513 140326321395456 Not Found: /api/auth/
WARNING 2025-09-16 05:54:31,257 log 185513 140326321395456 Not Found: /favicon.ico
ERROR 2025-09-16 05:54:37,534 exceptions 185513 140326321395456 API Error: Method "GET" not allowed. - Context: RegisterView
WARNING 2025-09-16 05:54:37,535 log 185513 140326321395456 Method Not Allowed: /api/auth/register/
WARNING 2025-09-16 05:54:37,603 log 185513 140326244972288 Not Found: /favicon.ico
INFO 2025-09-16 05:59:56,523 autoreload 185513 140326395852608 /home/asus/aaa-samurai/django-boilerplate/authentication/views.py changed, reloading.
INFO 2025-09-16 05:59:56,800 autoreload 188537 140652250023744 Watching for file changes with StatReloader
INFO 2025-10-01 06:35:29,559 autoreload 9072 8517896192 Watching for file changes with StatReloader
INFO 2025-10-01 06:40:18,270 autoreload 11034 8517896192 Watching for file changes with StatReloader
INFO 2025-10-01 06:41:24,002 autoreload 11800 8517896192 Watching for file changes with StatReloader
INFO 2025-10-01 06:41:32,563 models 11800 6123237376 Verification email sent to lawyer@firm.com
INFO 2025-10-01 06:41:32,563 serializers 11800 6123237376 User registered: 2
INFO 2025-10-01 06:49:59,806 models 11800 6140063744 Email verified for user 2
ERROR 2025-10-01 06:50:09,301 exceptions 11800 6140063744 API Error: {'username': [ErrorDetail(string='This field is required.', code='required')]} - Context: AttorneyLoginView
WARNING 2025-10-01 06:50:09,303 log 11800 6140063744 Bad Request: /api/auth/attorney/login/
ERROR 2025-10-01 06:51:35,277 exceptions 11800 6156890112 API Error: {'username': [ErrorDetail(string='This field is required.', code='required')]} - Context: AttorneyLoginView
WARNING 2025-10-01 06:51:35,279 log 11800 6156890112 Bad Request: /api/auth/attorney/login/
ERROR 2025-10-01 06:51:54,865 log 11800 6156890112 Internal Server Error: /api/auth/attorney/login/
Traceback (most recent call last):
  File "/Users/kaushikrana/law_firm_backend/drf-boilerplate/.venv/lib/python3.13/site-packages/django/core/handlers/exception.py", line 55, in inner
    response = get_response(request)
  File "/Users/kaushikrana/law_firm_backend/drf-boilerplate/.venv/lib/python3.13/site-packages/django/core/handlers/base.py", line 197, in _get_response
    response = wrapped_callback(request, *callback_args, **callback_kwargs)
  File "/Users/kaushikrana/law_firm_backend/drf-boilerplate/.venv/lib/python3.13/site-packages/django/views/decorators/csrf.py", line 56, in wrapper_view
    return view_func(*args, **kwargs)
  File "/Users/kaushikrana/law_firm_backend/drf-boilerplate/.venv/lib/python3.13/site-packages/django/views/generic/base.py", line 105, in view
    return self.dispatch(request, *args, **kwargs)
           ~~~~~~~~~~~~~^^^^^^^^^^^^^^^^^^^^^^^^^^
  File "/Users/kaushikrana/law_firm_backend/drf-boilerplate/.venv/lib/python3.13/site-packages/rest_framework/views.py", line 509, in dispatch
    response = self.handle_exception(exc)
  File "/Users/kaushikrana/law_firm_backend/drf-boilerplate/.venv/lib/python3.13/site-packages/rest_framework/views.py", line 469, in handle_exception
    self.raise_uncaught_exception(exc)
    ~~~~~~~~~~~~~~~~~~~~~~~~~~~~~^^^^^
  File "/Users/kaushikrana/law_firm_backend/drf-boilerplate/.venv/lib/python3.13/site-packages/rest_framework/views.py", line 480, in raise_uncaught_exception
    raise exc
  File "/Users/kaushikrana/law_firm_backend/drf-boilerplate/.venv/lib/python3.13/site-packages/rest_framework/views.py", line 506, in dispatch
    response = handler(request, *args, **kwargs)
  File "/Users/kaushikrana/law_firm_backend/drf-boilerplate/authentication/views.py", line 45, in post
    refresh = self.get_token(user)
              ^^^^^^^^^^^^^^
AttributeError: 'AttorneyLoginView' object has no attribute 'get_token'
INFO 2025-10-01 06:52:23,331 autoreload 11800 8517896192 /Users/kaushikrana/law_firm_backend/drf-boilerplate/authentication/models.py changed, reloading.
INFO 2025-10-01 06:52:23,613 autoreload 15655 8517896192 Watching for file changes with StatReloader
INFO 2025-10-01 06:53:13,743 autoreload 15655 8517896192 /Users/kaushikrana/law_firm_backend/drf-boilerplate/authentication/models.py changed, reloading.
INFO 2025-10-01 06:53:13,974 autoreload 15905 8517896192 Watching for file changes with StatReloader
INFO 2025-10-01 06:53:15,059 autoreload 15905 8517896192 /Users/kaushikrana/law_firm_backend/drf-boilerplate/authentication/models.py changed, reloading.
INFO 2025-10-01 06:53:15,221 autoreload 15923 8517896192 Watching for file changes with StatReloader
INFO 2025-10-01 06:53:16,349 autoreload 15923 8517896192 /Users/kaushikrana/law_firm_backend/drf-boilerplate/authentication/models.py changed, reloading.
INFO 2025-10-01 06:53:16,499 autoreload 15938 8517896192 Watching for file changes with StatReloader
ERROR 2025-10-01 06:53:31,159 exceptions 15938 6204354560 API Error: {'username': [ErrorDetail(string='This field is required.', code='required')]} - Context: AttorneyLoginView
WARNING 2025-10-01 06:53:31,160 log 15938 6204354560 Bad Request: /api/auth/attorney/login/
INFO 2025-10-01 06:54:29,031 autoreload 15938 8517896192 /Users/kaushikrana/law_firm_backend/drf-boilerplate/authentication/serializers.py changed, reloading.
INFO 2025-10-01 06:54:29,311 autoreload 16313 8517896192 Watching for file changes with StatReloader
INFO 2025-10-01 06:54:33,476 autoreload 16313 8517896192 /Users/kaushikrana/law_firm_backend/drf-boilerplate/authentication/serializers.py changed, reloading.
INFO 2025-10-01 06:54:33,641 autoreload 16341 8517896192 Watching for file changes with StatReloader
ERROR 2025-10-01 06:54:40,324 exceptions 16341 6198996992 API Error: {'username': [ErrorDetail(string='This field is required.', code='required')]} - Context: AttorneyLoginView
WARNING 2025-10-01 06:54:40,324 log 16341 6198996992 Bad Request: /api/auth/attorney/login/
INFO 2025-10-01 06:55:42,105 autoreload 16341 8517896192 /Users/kaushikrana/law_firm_backend/drf-boilerplate/authentication/serializers.py changed, reloading.
INFO 2025-10-01 06:55:42,336 autoreload 16953 8517896192 Watching for file changes with StatReloader
INFO 2025-10-01 06:55:45,472 autoreload 16953 8517896192 /Users/kaushikrana/law_firm_backend/drf-boilerplate/authentication/serializers.py changed, reloading.
INFO 2025-10-01 06:55:45,642 autoreload 16981 8517896192 Watching for file changes with StatReloader
INFO 2025-10-01 06:58:58,758 autoreload 16981 8517896192 /Users/kaushikrana/law_firm_backend/drf-boilerplate/authentication/serializers.py changed, reloading.
INFO 2025-10-01 06:58:59,046 autoreload 17900 8517896192 Watching for file changes with StatReloader
INFO 2025-10-01 06:59:00,138 autoreload 17900 8517896192 /Users/kaushikrana/law_firm_backend/drf-boilerplate/authentication/serializers.py changed, reloading.
INFO 2025-10-01 06:59:00,305 autoreload 17904 8517896192 Watching for file changes with StatReloader
ERROR 2025-10-01 06:59:03,505 log 17904 6194786304 Internal Server Error: /api/auth/attorney/login/
Traceback (most recent call last):
  File "/Users/kaushikrana/law_firm_backend/drf-boilerplate/.venv/lib/python3.13/site-packages/django/core/handlers/exception.py", line 55, in inner
    response = get_response(request)
  File "/Users/kaushikrana/law_firm_backend/drf-boilerplate/.venv/lib/python3.13/site-packages/django/core/handlers/base.py", line 197, in _get_response
    response = wrapped_callback(request, *callback_args, **callback_kwargs)
  File "/Users/kaushikrana/law_firm_backend/drf-boilerplate/.venv/lib/python3.13/site-packages/django/views/decorators/csrf.py", line 56, in wrapper_view
    return view_func(*args, **kwargs)
  File "/Users/kaushikrana/law_firm_backend/drf-boilerplate/.venv/lib/python3.13/site-packages/django/views/generic/base.py", line 105, in view
    return self.dispatch(request, *args, **kwargs)
           ~~~~~~~~~~~~~^^^^^^^^^^^^^^^^^^^^^^^^^^
  File "/Users/kaushikrana/law_firm_backend/drf-boilerplate/.venv/lib/python3.13/site-packages/rest_framework/views.py", line 509, in dispatch
    response = self.handle_exception(exc)
  File "/Users/kaushikrana/law_firm_backend/drf-boilerplate/.venv/lib/python3.13/site-packages/rest_framework/views.py", line 469, in handle_exception
    self.raise_uncaught_exception(exc)
    ~~~~~~~~~~~~~~~~~~~~~~~~~~~~~^^^^^
  File "/Users/kaushikrana/law_firm_backend/drf-boilerplate/.venv/lib/python3.13/site-packages/rest_framework/views.py", line 480, in raise_uncaught_exception
    raise exc
  File "/Users/kaushikrana/law_firm_backend/drf-boilerplate/.venv/lib/python3.13/site-packages/rest_framework/views.py", line 506, in dispatch
    response = handler(request, *args, **kwargs)
  File "/Users/kaushikrana/law_firm_backend/drf-boilerplate/authentication/views.py", line 45, in post
    refresh = self.get_token(user)
              ^^^^^^^^^^^^^^
AttributeError: 'AttorneyLoginView' object has no attribute 'get_token'
INFO 2025-10-01 07:04:54,867 autoreload 17904 8517896192 /Users/kaushikrana/law_firm_backend/drf-boilerplate/authentication/views.py changed, reloading.
INFO 2025-10-01 07:04:55,126 autoreload 19580 8517896192 Watching for file changes with StatReloader
INFO 2025-10-01 07:05:14,608 autoreload 19580 8517896192 /Users/kaushikrana/law_firm_backend/drf-boilerplate/authentication/serializers.py changed, reloading.
INFO 2025-10-01 07:05:14,829 autoreload 19673 8517896192 Watching for file changes with StatReloader
INFO 2025-10-01 07:05:15,922 autoreload 19673 8517896192 /Users/kaushikrana/law_firm_backend/drf-boilerplate/authentication/serializers.py changed, reloading.
INFO 2025-10-01 07:05:16,066 autoreload 19690 8517896192 Watching for file changes with StatReloader
INFO 2025-10-01 07:05:21,244 autoreload 19690 8517896192 /Users/kaushikrana/law_firm_backend/drf-boilerplate/authentication/serializers.py changed, reloading.
INFO 2025-10-01 07:05:21,418 autoreload 19717 8517896192 Watching for file changes with StatReloader
INFO 2025-10-01 07:05:23,526 autoreload 19717 8517896192 /Users/kaushikrana/law_firm_backend/drf-boilerplate/authentication/serializers.py changed, reloading.
INFO 2025-10-01 07:05:23,670 autoreload 19741 8517896192 Watching for file changes with StatReloader
ERROR 2025-10-01 07:14:42,556 exceptions 19741 6206173184 API Error: {'detail': ErrorDetail(string='Given token not valid for any token type', code='token_not_valid'), 'code': ErrorDetail(string='token_not_valid', code='token_not_valid'), 'messages': [{'token_class': ErrorDetail(string='AccessToken', code='token_not_valid'), 'token_type': ErrorDetail(string='access', code='token_not_valid'), 'message': ErrorDetail(string='Token is invalid or expired', code='token_not_valid')}]} - Context: UserProfileView
WARNING 2025-10-01 07:14:42,558 log 19741 6206173184 Unauthorized: /api/auth/profile/
ERROR 2025-10-01 07:15:20,354 exceptions 19741 6206173184 API Error: {'detail': ErrorDetail(string='Given token not valid for any token type', code='token_not_valid'), 'code': ErrorDetail(string='token_not_valid', code='token_not_valid'), 'messages': [{'token_class': ErrorDetail(string='AccessToken', code='token_not_valid'), 'token_type': ErrorDetail(string='access', code='token_not_valid'), 'message': ErrorDetail(string='Token is invalid or expired', code='token_not_valid')}]} - Context: UserProfileView
WARNING 2025-10-01 07:15:20,354 log 19741 6206173184 Unauthorized: /api/auth/profile/
ERROR 2025-10-01 07:15:22,779 exceptions 19741 6206173184 API Error: {'detail': ErrorDetail(string='Given token not valid for any token type', code='token_not_valid'), 'code': ErrorDetail(string='token_not_valid', code='token_not_valid'), 'messages': [{'token_class': ErrorDetail(string='AccessToken', code='token_not_valid'), 'token_type': ErrorDetail(string='access', code='token_not_valid'), 'message': ErrorDetail(string='Token is invalid or expired', code='token_not_valid')}]} - Context: UserProfileView
WARNING 2025-10-01 07:15:22,779 log 19741 6206173184 Unauthorized: /api/auth/profile/
ERROR 2025-10-01 07:17:28,183 exceptions 19741 6206173184 API Error: {'detail': ErrorDetail(string='Token is invalid or expired', code='token_not_valid'), 'code': ErrorDetail(string='token_not_valid', code='token_not_valid')} - Context: CustomTokenVerifyView
WARNING 2025-10-01 07:17:28,185 log 19741 6206173184 Unauthorized: /api/auth/token/verify/
INFO 2025-10-01 15:20:12,736 autoreload 13203 8517896192 Watching for file changes with StatReloader
INFO 2025-10-01 15:20:44,426 autoreload 13739 8517896192 Watching for file changes with StatReloader
INFO 2025-10-01 15:30:51,002 autoreload 13739 8517896192 /Users/kaushikrana/law_firm_backend/drf-boilerplate/core/settings.py changed, reloading.
INFO 2025-10-01 15:30:51,310 autoreload 17048 8517896192 Watching for file changes with StatReloader
INFO 2025-10-01 15:35:59,512 autoreload 17048 8517896192 /Users/kaushikrana/law_firm_backend/drf-boilerplate/core/settings.py changed, reloading.
INFO 2025-10-01 15:35:59,795 autoreload 18277 8517896192 Watching for file changes with StatReloader
INFO 2025-10-01 15:36:05,993 autoreload 18277 8517896192 /Users/kaushikrana/law_firm_backend/drf-boilerplate/core/settings.py changed, reloading.
INFO 2025-10-01 15:36:06,158 autoreload 18320 8517896192 Watching for file changes with StatReloader
INFO 2025-10-01 15:36:29,730 autoreload 18320 8517896192 /Users/kaushikrana/law_firm_backend/drf-boilerplate/core/settings.py changed, reloading.
INFO 2025-10-01 15:36:29,908 autoreload 18391 8517896192 Watching for file changes with StatReloader
INFO 2025-10-01 15:36:33,021 autoreload 18391 8517896192 /Users/kaushikrana/law_firm_backend/drf-boilerplate/core/settings.py changed, reloading.
INFO 2025-10-01 15:36:33,181 autoreload 18428 8517896192 Watching for file changes with StatReloader
INFO 2025-10-01 15:36:36,312 autoreload 18428 8517896192 /Users/kaushikrana/law_firm_backend/drf-boilerplate/core/settings.py changed, reloading.
INFO 2025-10-01 15:36:36,471 autoreload 18439 8517896192 Watching for file changes with StatReloader
INFO 2025-10-01 15:36:37,561 autoreload 18439 8517896192 /Users/kaushikrana/law_firm_backend/drf-boilerplate/core/settings.py changed, reloading.
INFO 2025-10-01 15:36:37,717 autoreload 18440 8517896192 Watching for file changes with StatReloader
ERROR 2025-10-01 15:37:22,748 exceptions 18440 6137851904 API Error: {'non_field_errors': [ErrorDetail(string='Invalid credentials.', code='invalid')]} - Context: AttorneyLoginView
WARNING 2025-10-01 15:37:22,748 log 18440 6137851904 Bad Request: /api/auth/attorney/login/
ERROR 2025-10-01 16:15:40,470 exceptions 18440 6137851904 API Error: {'non_field_errors': [ErrorDetail(string='Invalid credentials.', code='invalid')]} - Context: AttorneyLoginView
WARNING 2025-10-01 16:15:40,472 log 18440 6137851904 Bad Request: /api/auth/attorney/login/
ERROR 2025-10-01 16:26:39,561 exceptions 18440 6137851904 API Error: {'non_field_errors': [ErrorDetail(string='Invalid credentials.', code='invalid')]} - Context: AttorneyLoginView
WARNING 2025-10-01 16:26:39,563 log 18440 6137851904 Bad Request: /api/auth/attorney/login/
INFO 2025-10-01 16:33:42,880 autoreload 18440 8517896192 /Users/kaushikrana/law_firm_backend/drf-boilerplate/core/exceptions.py changed, reloading.
INFO 2025-10-01 16:33:43,169 autoreload 29779 8517896192 Watching for file changes with StatReloader
ERROR 2025-10-01 16:37:44,382 exceptions 29779 6123581440 API Error: {'non_field_errors': [ErrorDetail(string='Invalid credentials.', code='invalid')]} - Context: AttorneyLoginView
WARNING 2025-10-01 16:37:44,383 log 29779 6123581440 Bad Request: /api/auth/attorney/login/
ERROR 2025-10-01 16:43:23,344 exceptions 29779 6123581440 API Error: Authentication credentials were not provided. - Context: UserProfileView
WARNING 2025-10-01 16:43:23,345 log 29779 6123581440 Unauthorized: /api/auth/profile/
INFO 2025-10-01 20:11:10,952 autoreload 29779 8517896192 /Users/kaushikrana/law_firm_backend/drf-boilerplate/core/settings.py changed, reloading.
INFO 2025-10-01 20:11:11,731 autoreload 73249 8517896192 Watching for file changes with StatReloader
ERROR 2025-10-01 20:11:18,143 exceptions 73249 6170062848 API Error: {'non_field_errors': [ErrorDetail(string='Invalid credentials.', code='invalid')]} - Context: AttorneyLoginView
WARNING 2025-10-01 20:11:18,143 log 73249 6170062848 Bad Request: /api/auth/attorney/login/
ERROR 2025-10-01 20:11:46,824 log 73249 6170062848 Internal Server Error: /api/auth/logout/
Traceback (most recent call last):
  File "/Users/kaushikrana/law_firm_backend/drf-boilerplate/.venv/lib/python3.13/site-packages/django/db/models/fields/__init__.py", line 2053, in get_prep_value
    return int(value)
TypeError: int() argument must be a string, a bytes-like object or a real number, not 'UntypedToken'

The above exception was the direct cause of the following exception:

Traceback (most recent call last):
  File "/Users/kaushikrana/law_firm_backend/drf-boilerplate/.venv/lib/python3.13/site-packages/django/core/handlers/exception.py", line 55, in inner
    response = get_response(request)
  File "/Users/kaushikrana/law_firm_backend/drf-boilerplate/.venv/lib/python3.13/site-packages/django/core/handlers/base.py", line 197, in _get_response
    response = wrapped_callback(request, *callback_args, **callback_kwargs)
  File "/Users/kaushikrana/law_firm_backend/drf-boilerplate/.venv/lib/python3.13/site-packages/django/views/decorators/csrf.py", line 56, in wrapper_view
    return view_func(*args, **kwargs)
  File "/Users/kaushikrana/law_firm_backend/drf-boilerplate/.venv/lib/python3.13/site-packages/django/views/generic/base.py", line 105, in view
    return self.dispatch(request, *args, **kwargs)
           ~~~~~~~~~~~~~^^^^^^^^^^^^^^^^^^^^^^^^^^
  File "/Users/kaushikrana/law_firm_backend/drf-boilerplate/.venv/lib/python3.13/site-packages/rest_framework/views.py", line 509, in dispatch
    response = self.handle_exception(exc)
  File "/Users/kaushikrana/law_firm_backend/drf-boilerplate/.venv/lib/python3.13/site-packages/rest_framework/views.py", line 469, in handle_exception
    self.raise_uncaught_exception(exc)
    ~~~~~~~~~~~~~~~~~~~~~~~~~~~~~^^^^^
  File "/Users/kaushikrana/law_firm_backend/drf-boilerplate/.venv/lib/python3.13/site-packages/rest_framework/views.py", line 480, in raise_uncaught_exception
    raise exc
  File "/Users/kaushikrana/law_firm_backend/drf-boilerplate/.venv/lib/python3.13/site-packages/rest_framework/views.py", line 506, in dispatch
    response = handler(request, *args, **kwargs)
  File "/Users/kaushikrana/law_firm_backend/drf-boilerplate/.venv/lib/python3.13/site-packages/rest_framework/decorators.py", line 50, in handler
    return func(*args, **kwargs)
  File "/Users/kaushikrana/law_firm_backend/drf-boilerplate/authentication/views.py", line 83, in logout_view
    BlacklistedToken.objects.get_or_create(token=token)
    ~~~~~~~~~~~~~~~~~~~~~~~~~~~~~~~~~~~~~~^^^^^^^^^^^^^
  File "/Users/kaushikrana/law_firm_backend/drf-boilerplate/.venv/lib/python3.13/site-packages/django/db/models/manager.py", line 87, in manager_method
    return getattr(self.get_queryset(), name)(*args, **kwargs)
           ~~~~~~~~~~~~~~~~~~~~~~~~~~~~~~~~~~^^^^^^^^^^^^^^^^^
  File "/Users/kaushikrana/law_firm_backend/drf-boilerplate/.venv/lib/python3.13/site-packages/django/db/models/query.py", line 916, in get_or_create
    return self.get(**kwargs), False
           ~~~~~~~~^^^^^^^^^^
  File "/Users/kaushikrana/law_firm_backend/drf-boilerplate/.venv/lib/python3.13/site-packages/django/db/models/query.py", line 623, in get
    clone = self._chain() if self.query.combinator else self.filter(*args, **kwargs)
                                                        ~~~~~~~~~~~^^^^^^^^^^^^^^^^^
  File "/Users/kaushikrana/law_firm_backend/drf-boilerplate/.venv/lib/python3.13/site-packages/django/db/models/query.py", line 1436, in filter
    return self._filter_or_exclude(False, args, kwargs)
           ~~~~~~~~~~~~~~~~~~~~~~~^^^^^^^^^^^^^^^^^^^^^
  File "/Users/kaushikrana/law_firm_backend/drf-boilerplate/.venv/lib/python3.13/site-packages/django/db/models/query.py", line 1454, in _filter_or_exclude
    clone._filter_or_exclude_inplace(negate, args, kwargs)
    ~~~~~~~~~~~~~~~~~~~~~~~~~~~~~~~~^^^^^^^^^^^^^^^^^^^^^^
  File "/Users/kaushikrana/law_firm_backend/drf-boilerplate/.venv/lib/python3.13/site-packages/django/db/models/query.py", line 1461, in _filter_or_exclude_inplace
    self._query.add_q(Q(*args, **kwargs))
    ~~~~~~~~~~~~~~~~~^^^^^^^^^^^^^^^^^^^^
  File "/Users/kaushikrana/law_firm_backend/drf-boilerplate/.venv/lib/python3.13/site-packages/django/db/models/sql/query.py", line 1546, in add_q
    clause, _ = self._add_q(q_object, self.used_aliases)
                ~~~~~~~~~~~^^^^^^^^^^^^^^^^^^^^^^^^^^^^^
  File "/Users/kaushikrana/law_firm_backend/drf-boilerplate/.venv/lib/python3.13/site-packages/django/db/models/sql/query.py", line 1577, in _add_q
    child_clause, needed_inner = self.build_filter(
                                 ~~~~~~~~~~~~~~~~~^
        child,
        ^^^^^^
    ...<6 lines>...
        summarize=summarize,
        ^^^^^^^^^^^^^^^^^^^^
    )
    ^
  File "/Users/kaushikrana/law_firm_backend/drf-boilerplate/.venv/lib/python3.13/site-packages/django/db/models/sql/query.py", line 1492, in build_filter
    condition = self.build_lookup(lookups, col, value)
  File "/Users/kaushikrana/law_firm_backend/drf-boilerplate/.venv/lib/python3.13/site-packages/django/db/models/sql/query.py", line 1319, in build_lookup
    lookup = lookup_class(lhs, rhs)
  File "/Users/kaushikrana/law_firm_backend/drf-boilerplate/.venv/lib/python3.13/site-packages/django/db/models/lookups.py", line 27, in __init__
    self.rhs = self.get_prep_lookup()
               ~~~~~~~~~~~~~~~~~~~~^^
  File "/Users/kaushikrana/law_firm_backend/drf-boilerplate/.venv/lib/python3.13/site-packages/django/db/models/fields/related_lookups.py", line 166, in get_prep_lookup
    self.rhs = target_field.get_prep_value(self.rhs)
               ~~~~~~~~~~~~~~~~~~~~~~~~~~~^^^^^^^^^^
  File "/Users/kaushikrana/law_firm_backend/drf-boilerplate/.venv/lib/python3.13/site-packages/django/db/models/fields/__init__.py", line 2055, in get_prep_value
    raise e.__class__(
        "Field '%s' expected a number but got %r." % (self.name, value),
    ) from e
TypeError: Field 'id' expected a number but got {'token_type': 'refresh', 'exp': 1759954301, 'iat': 1759349501, 'jti': '85b5bbd080b140a98cd0eb999876122e', 'user_id': 2, 'email': 'lawyer@firm.com', 'is_verified': True, 'user_type': 'ATTORNEY'}.
INFO 2025-10-01 20:18:29,957 autoreload 73249 8517896192 /Users/kaushikrana/law_firm_backend/drf-boilerplate/authentication/views.py changed, reloading.
INFO 2025-10-01 20:18:30,259 autoreload 74675 8517896192 Watching for file changes with StatReloader
INFO 2025-10-01 20:19:26,331 autoreload 74675 8517896192 /Users/kaushikrana/law_firm_backend/drf-boilerplate/authentication/views.py changed, reloading.
INFO 2025-10-01 20:19:26,630 autoreload 74877 8517896192 Watching for file changes with StatReloader
INFO 2025-10-01 20:20:18,021 autoreload 75227 8517896192 Watching for file changes with StatReloader
INFO 2025-10-01 20:20:58,386 views 75227 6131806208 User 2 logged out (refresh blacklisted)
